This is pdfTeXk, Version 3.141592-1.40.3 (Web2C 7.5.6) (format=pdflatex 2009.9.17)  21 SEP 2009 14:10
entering extended mode
 %&-line parsing enabled.
**CommandSheet.tex
(./CommandSheet.tex
LaTeX2e <2005/12/01>
Babel <v3.8h> and hyphenation patterns for english, usenglishmax, dumylang, noh
yphenation, loaded.
(/usr/share/texmf-texlive/tex/latex/base/article.cls
Document Class: article 2005/09/16 v1.4f Standard LaTeX document class
(/usr/share/texmf-texlive/tex/latex/base/size12.clo
File: size12.clo 2005/09/16 v1.4f Standard LaTeX file (size option)
)
\c@part=\count79
\c@section=\count80
\c@subsection=\count81
\c@subsubsection=\count82
\c@paragraph=\count83
\c@subparagraph=\count84
\c@figure=\count85
\c@table=\count86
\abovecaptionskip=\skip41
\belowcaptionskip=\skip42
\bibindent=\dimen102
)
\@input{Version.aux}
\openout2 = `Version.aux'.

(./Version.tex (/usr/share/texmf-texlive/tex/latex/graphics/graphicx.sty
Package: graphicx 1999/02/16 v1.0f Enhanced LaTeX Graphics (DPC,SPQR)

(/usr/share/texmf-texlive/tex/latex/graphics/keyval.sty
Package: keyval 1999/03/16 v1.13 key=value parser (DPC)
\KV@toks@=\toks14
)
(/usr/share/texmf-texlive/tex/latex/graphics/graphics.sty
Package: graphics 2006/02/20 v1.0o Standard LaTeX Graphics (DPC,SPQR)

(/usr/share/texmf-texlive/tex/latex/graphics/trig.sty
Package: trig 1999/03/16 v1.09 sin cos tan (DPC)
)
(/etc/texmf/tex/latex/config/graphics.cfg
File: graphics.cfg 2007/01/18 v1.5 graphics configuration of teTeX/TeXLive
)
Package graphics Info: Driver file: pdftex.def on input line 90.

(/usr/share/texmf-texlive/tex/latex/pdftex-def/pdftex.def
File: pdftex.def 2007/01/08 v0.04d Graphics/color for pdfTeX
\Gread@gobject=\count87
))
\Gin@req@height=\dimen103
\Gin@req@width=\dimen104
)
(/usr/share/texmf-texlive/tex/latex/float/float.sty
Package: float 2001/11/08 v1.3d Float enhancements (AL)
\c@float@type=\count88
\float@exts=\toks15
\float@box=\box26
\@float@everytoks=\toks16
\@floatcapt=\box27
) (./fancyheadings.sty
\headrulewidth=\dimen105
\footrulewidth=\dimen106
\plainheadrulewidth=\dimen107
\plainfootrulewidth=\dimen108
\headwidth=\dimen109
\footruleskip=\dimen110
)
(/usr/share/texmf-texlive/tex/latex/ltxmisc/a4wide.sty
Package: a4wide 1994/08/30

(/usr/share/texmf-texlive/tex/latex/ntgclass/a4.sty
Package: a4 2004/04/15 v1.2g A4 based page layout
))
(/usr/share/texmf-texlive/tex/latex/base/makeidx.sty
Package: makeidx 2000/03/29 v1.0m Standard LaTeX package
)
(/usr/share/texmf-texlive/tex/latex/tools/verbatim.sty
Package: verbatim 2003/08/22 v1.5q LaTeX2e package for verbatim enhancements
\every@verbatim=\toks17
\verbatim@line=\toks18
\verbatim@in@stream=\read1
)
(/usr/share/texmf-texlive/tex/latex/psnfss/avant.sty
Package: avant 2005/04/12 PSNFSS-v9.2a (SPQR) 
)
(/usr/share/texmf-texlive/tex/latex/psnfss/helvet.sty
Package: helvet 2005/04/12 PSNFSS-v9.2a (WaS) 
)
\@indexfile=\write3
\openout3 = `CommandSheet.idx'.


Writing index file CommandSheet.idx
(./CommandSheet.aux (./Commands.aux))
\openout1 = `CommandSheet.aux'.

LaTeX Font Info:    Checking defaults for OML/cmm/m/it on input line 19.
LaTeX Font Info:    ... okay on input line 19.
LaTeX Font Info:    Checking defaults for T1/cmr/m/n on input line 19.
LaTeX Font Info:    ... okay on input line 19.
LaTeX Font Info:    Checking defaults for OT1/cmr/m/n on input line 19.
LaTeX Font Info:    ... okay on input line 19.
LaTeX Font Info:    Checking defaults for OMS/cmsy/m/n on input line 19.
LaTeX Font Info:    ... okay on input line 19.
LaTeX Font Info:    Checking defaults for OMX/cmex/m/n on input line 19.
LaTeX Font Info:    ... okay on input line 19.
LaTeX Font Info:    Checking defaults for U/cmr/m/n on input line 19.
LaTeX Font Info:    ... okay on input line 19.
LaTeX Font Info:    Try loading font information for OT1+phv on input line 21.

(/usr/share/texmf-texlive/tex/latex/psnfss/ot1phv.fd
File: ot1phv.fd 2001/06/04 scalable font definitions for OT1/phv.
)
! Font OT1/phv/m/n/20.74=phvr7t at 20.74pt not loadable: Metric (TFM) file not 
found.
<to be read again> 
                   relax 
l.21 \maketitle
               
? 
Missing character: There is no W in font nullfont!
Missing character: There is no e in font nullfont!
Missing character: There is no b in font nullfont!
Missing character: There is no B in font nullfont!
Missing character: There is no r in font nullfont!
Missing character: There is no i in font nullfont!
Missing character: There is no c in font nullfont!
Missing character: There is no k in font nullfont!
Missing character: There is no C in font nullfont!
Missing character: There is no o in font nullfont!
Missing character: There is no m in font nullfont!
Missing character: There is no m in font nullfont!
Missing character: There is no a in font nullfont!
Missing character: There is no n in font nullfont!
Missing character: There is no d in font nullfont!
Missing character: There is no s in font nullfont!
Missing character: There is no y in font nullfont!
Missing character: There is no n in font nullfont!
Missing character: There is no t in font nullfont!
Missing character: There is no a in font nullfont!
Missing character: There is no x in font nullfont!
LaTeX Font Info:    External font `cmex10' loaded for size
(Font)              <14.4> on input line 21.
LaTeX Font Info:    External font `cmex10' loaded for size
(Font)              <7> on input line 21.
<Images/WebBrickSystems.png, id=1, 240.9pt x 107.6823pt>
File: Images/WebBrickSystems.png Graphic file (type png)

<use Images/WebBrickSystems.png>
<Images/wb_logo.jpg, id=2, 115.632pt x 22.1628pt>
File: Images/wb_logo.jpg Graphic file (type jpg)
 <use Images/wb_logo.jpg>
Overfull \vbox (2.49998pt too high) has occurred while \output is active []

LaTeX Font Info:    Try loading font information for OMS+cmr on input line 44.

(/usr/share/texmf-texlive/tex/latex/base/omscmr.fd
File: omscmr.fd 1999/05/25 v2.5h Standard LaTeX font definitions
)
LaTeX Font Info:    Font shape `OMS/cmr/m/n' in size <6> not available
(Font)              Font shape `OMS/cmsy/m/n' tried instead on input line 44.
 [1{/var/lib/texmf/fonts/map/pdftex/updmap/pdftex.map}


 <./Images/WebBrickSystems.png> <./Images/wb_logo.jpg>] (./CommandSheet.toc
LaTeX Font Info:    External font `cmex10' loaded for size
(Font)              <12> on input line 2.
LaTeX Font Info:    External font `cmex10' loaded for size
(Font)              <8> on input line 2.
LaTeX Font Info:    External font `cmex10' loaded for size
(Font)              <6> on input line 2.

Overfull \vbox (2.49998pt too high) has occurred while \output is active []


[2])
\tf@toc=\write4
\openout4 = `CommandSheet.toc'.


Overfull \vbox (2.49998pt too high) has occurred while \output is active []


[3])
\openout2 = `Commands.aux'.

 (./Commands.tex
LaTeX Font Info:    Try loading font information for OML+cmr on input line 14.
 (/usr/share/texmf-texlive/tex/latex/base/omlcmr.fd
File: omlcmr.fd 1999/05/25 v2.5h Standard LaTeX font definitions
)
LaTeX Font Info:    Font shape `OML/cmr/m/n' in size <12> not available
(Font)              Font shape `OML/cmm/m/it' tried instead on input line 14.

Overfull \vbox (2.49998pt too high) has occurred while \output is active []


[4


]
LaTeX Font Info:    Font shape `OMS/cmr/m/n' in size <12> not available
(Font)              Font shape `OMS/cmsy/m/n' tried instead on input line 75.

Overfull \hbox (6.66634pt too wide) in paragraph at lines 79--96
[][] 
 []


Overfull \vbox (2.49998pt too high) has occurred while \output is active []


[5]
Overfull \hbox (40.8564pt too wide) in paragraph at lines 100--127
[][] 
 []


Overfull \vbox (2.49998pt too high) has occurred while \output is active []


[6]
Overfull \vbox (2.49998pt too high) has occurred while \output is active []


[7]
Underfull \hbox (badness 10000) in paragraph at lines 142--144

 []


Overfull \vbox (2.49998pt too high) has occurred while \output is active []


[8]
Overfull \vbox (2.49998pt too high) has occurred while \output is active []


[9]
Overfull \vbox (2.49998pt too high) has occurred while \output is active []


[10]
Overfull \hbox (42.74324pt too wide) in paragraph at lines 254--255
\OT1/cmr/m/n/12 CC\OML/cmm/m/it/12 <\OT1/cmr/m/n/12 nr\OML/cmm/m/it/12 >\OT1/cm
r/m/n/12 ;[NFI][NFI][NFI][NFI][NFI][NFI][NFI][NFI]; [I\OMS/cmsy/m/n/12 j\OT1/cm
r/m/n/12 S\OML/cmm/m/it/12 <\OT1/cmr/m/n/12 nn\OML/cmm/m/it/12 >\OT1/cmr/m/n/12
 ]; [I\OMS/cmsy/m/n/12 j\OT1/cmr/m/n/12 S\OML/cmm/m/it/12 <\OT1/cmr/m/n/12 nn\O
ML/cmm/m/it/12 >\OT1/cmr/m/n/12 ]; [I\OMS/cmsy/m/n/12 j\OT1/cmr/m/n/12 S\OML/cm
m/m/it/12 <\OT1/cmr/m/n/12 nn\OML/cmm/m/it/12 >\OT1/cmr/m/n/12 ]; [I\OMS/cmsy/m
/n/12 j\OT1/cmr/m/n/12 S\OML/cmm/m/it/12 <\OT1/cmr/m/n/12 nn\OML/cmm/m/it/12 >\
OT1/cmr/m/n/12 ]: 
 []


Overfull \vbox (2.49998pt too high) has occurred while \output is active []


[11]
Overfull \hbox (6.98517pt too wide) in paragraph at lines 315--316
\OT1/cmr/m/n/12 CI\OML/cmm/m/it/12 <\OT1/cmr/m/n/12 chn\OML/cmm/m/it/12 >\OT1/c
mr/m/n/12 ; \OML/cmm/m/it/12 <\OT1/cmr/m/n/12 L\OMS/cmsy/m/n/12 j\OT1/cmr/m/n/1
2 H\OML/cmm/m/it/12 >\OT1/cmr/m/n/12 ; \OML/cmm/m/it/12 <\OT1/cmr/m/n/12 Thresh
-old\OML/cmm/m/it/12 >\OT1/cmr/m/n/12 ; \OML/cmm/m/it/12 <\OT1/cmr/m/n/12 A\OMS
/cmsy/m/n/12 j\OT1/cmr/m/n/12 D\OMS/cmsy/m/n/12 j\OT1/cmr/m/n/12 S\OML/cmm/m/it
/12 ><\OT1/cmr/m/n/12 targetChn\OML/cmm/m/it/12 >\OT1/cmr/m/n/12 ; \OML/cmm/m/i
t/12 <\OT1/cmr/m/n/12 sp\OML/cmm/m/it/12 >\OT1/cmr/m/n/12 ; \OML/cmm/m/it/12 <\
OT1/cmr/m/n/12 ac-tion-Type\OML/cmm/m/it/12 >\OT1/cmr/m/n/12 ; \OML/cmm/m/it/12
 <\OT1/cmr/m/n/12 dwell\OML/cmm/m/it/12 >\OT1/cmr/m/n/12 ;
 []


Overfull \vbox (2.49998pt too high) has occurred while \output is active []


[12]
Overfull \hbox (13.02539pt too wide) in paragraph at lines 359--360
\OT1/cmr/m/n/12 CT\OML/cmm/m/it/12 <\OT1/cmr/m/n/12 chn\OML/cmm/m/it/12 >\OT1/c
mr/m/n/12 ; \OML/cmm/m/it/12 <\OT1/cmr/m/n/12 L\OMS/cmsy/m/n/12 j\OT1/cmr/m/n/1
2 H\OMS/cmsy/m/n/12 j\OT1/cmr/m/n/12 B\OML/cmm/m/it/12 >\OT1/cmr/m/n/12 ; \OML/
cmm/m/it/12 <\OT1/cmr/m/n/12 Thresh-old\OML/cmm/m/it/12 >\OT1/cmr/m/n/12 ; \OML
/cmm/m/it/12 <\OT1/cmr/m/n/12 A\OMS/cmsy/m/n/12 j\OT1/cmr/m/n/12 D\OML/cmm/m/it
/12 ><\OT1/cmr/m/n/12 targetChn\OML/cmm/m/it/12 >\OT1/cmr/m/n/12 ; \OML/cmm/m/i
t/12 <\OT1/cmr/m/n/12 sp\OML/cmm/m/it/12 >\OT1/cmr/m/n/12 ; \OML/cmm/m/it/12 <\
OT1/cmr/m/n/12 ac-tion-Type\OML/cmm/m/it/12 >\OT1/cmr/m/n/12 ; \OML/cmm/m/it/12
 <\OT1/cmr/m/n/12 dwell\OML/cmm/m/it/12 >\OT1/cmr/m/n/12 ;
 []


Overfull \vbox (2.49998pt too high) has occurred while \output is active []


[13]
Overfull \vbox (2.49998pt too high) has occurred while \output is active []


[14]
Overfull \vbox (2.49998pt too high) has occurred while \output is active []


[15]
Overfull \vbox (2.49998pt too high) has occurred while \output is active []


[16]
Overfull \vbox (2.49998pt too high) has occurred while \output is active []


[17]
Overfull \vbox (2.49998pt too high) has occurred while \output is active []


[18]
Overfull \vbox (2.49998pt too high) has occurred while \output is active []


[19]
Overfull \vbox (2.49998pt too high) has occurred while \output is active []


[20]
Overfull \vbox (2.49998pt too high) has occurred while \output is active []


[21])
Overfull \vbox (2.49998pt too high) has occurred while \output is active []


[22] (./CommandSheet.aux (./Commands.aux)) ) 
Here is how much of TeX's memory you used:
 920 strings out of 95086
 11868 string characters out of 1183255
 63834 words of memory out of 1500000
 4087 multiletter control sequences out of 10000+50000
 9807 words of font info for 34 fonts, out of 1200000 for 2000
 28 hyphenation exceptions out of 8191
 35i,15n,34p,331b,320s stack positions out of 5000i,500n,6000p,200000b,5000s
</usr/share/texmf-texlive/fonts/typ
e1/bluesky/cm/cmbx12.pfb></usr/share/texmf-texlive/fonts/type1/bluesky/cm/cmmi1
2.pfb></usr/share/texmf-texlive/fonts/type1/bluesky/cm/cmr10.pfb></usr/share/te
xmf-texlive/fonts/type1/bluesky/cm/cmr12.pfb></usr/share/texmf-texlive/fonts/ty
pe1/bluesky/cm/cmr6.pfb></usr/share/texmf-texlive/fonts/type1/bluesky/cm/cmsl12
.pfb></usr/share/texmf-texlive/fonts/type1/bluesky/cm/cmsy10.pfb></usr/share/te
xmf-texlive/fonts/type1/bluesky/cm/cmsy6.pfb></usr/share/texmf-texlive/fonts/ty
pe1/bluesky/cm/cmti12.pfb>
Output written on CommandSheet.pdf (22 pages, 218402 bytes).
PDF statistics:
 112 PDF objects out of 1000 (max. 8388607)
 0 named destinations out of 1000 (max. 131072)
 11 words of extra memory for PDF output out of 10000 (max. 10000000)

